<?xml version="1.0" encoding="UTF-8"?>
<!-- Generated by org.testng.reporters.JUnitXMLReporter -->
<testsuite ignored="2" hostname="amlan" failures="0" tests="2" name="Test" time="0.036" errors="0" timestamp="2023-08-18T17:28:54 IST">
  <testcase classname="com.banking.obsmaven.Modifycust" name="modifycust" time="0.007"/>
  <testcase classname="com.banking.obsmaven.Createcust" name="createcust" time="0.001"/>
  <testcase classname="com.banking.obsmaven.Modifycust" name="deletecust" time="0.0">
    <ignored/>
  </testcase> <!-- deletecust -->
  <testcase classname="com.banking.obsmaven.Createcust" name="addcust" time="0.0">
    <ignored/>
  </testcase> <!-- addcust -->
</testsuite> <!-- Test -->
