<?xml version="1.0" encoding="UTF-8"?>
<testng-results ignored="1" total="2" passed="1" failed="0" skipped="0">
  <reporter-output>
  </reporter-output>
  <suite started-at="2024-01-17T01:03:36 IST" name="Default suite" finished-at="2024-01-17T01:03:36 IST" duration-ms="39">
    <groups>
    </groups>
    <test started-at="2024-01-17T01:03:36 IST" name="Default test" finished-at="2024-01-17T01:03:36 IST" duration-ms="39">
      <class name="com.banking.obsmaven.Test_2">
        <test-method signature="Mappim()[pri:0, instance:com.banking.obsmaven.Test_2@40ef3420]" started-at="2024-01-17T01:03:36 IST" name="Mappim" finished-at="2024-01-17T01:03:36 IST" duration-ms="6" status="PASS">
          <reporter-output>
          </reporter-output>
        </test-method> <!-- Mappim -->
      </class> <!-- com.banking.obsmaven.Test_2 -->
    </test> <!-- Default test -->
  </suite> <!-- Default suite -->
</testng-results>
